<?xml version="1.0" encoding="UTF-8"?>
<!-- Generated by org.testng.reporters.JUnitReportReporter -->
<testsuite hostname="AMELNYK-NB" failures="0" tests="1" name="org.example.tests.SampleTest" time="36.708" errors="0" timestamp="03 Feb 2023 10:09:36 GMT" skipped="0">
  <testcase classname="org.example.tests.SampleTest" name="sampleTestStep" time="36.708"/>
</testsuite> <!-- org.example.tests.SampleTest -->
